000 (6278954.000.000) 01/16 01:01:25 Job submitted from host: <137.138.156.150:9618?addrs=137.138.156.150-9618+[2001-1458-d00-14--9a]-9618&alias=bigbird13.cern.ch&noUDP&sock=schedd_1788_ff6c>
...
040 (6278954.000.000) 01/16 01:36:09 Started transferring input files
	Transferring to host: <128.142.59.118:9618?addrs=128.142.59.118-9618+[2001-1458-301-21--100-75]-9618&alias=b7s04p9635.cern.ch&noUDP&sock=slot1_10_3585_b4eb_30074>
...
040 (6278954.000.000) 01/16 01:36:09 Finished transferring input files
...
001 (6278954.000.000) 01/16 01:36:10 Job executing on host: <128.142.59.118:9618?addrs=128.142.59.118-9618+[2001-1458-301-21--100-75]-9618&alias=b7s04p9635.cern.ch&noUDP&sock=startd_2909_e917>
...
006 (6278954.000.000) 01/16 01:36:19 Image size of job updated: 164848
	128  -  MemoryUsage of job (MB)
	130388  -  ResidentSetSize of job (KB)
...
006 (6278954.000.000) 01/16 01:41:20 Image size of job updated: 150484572
	5296  -  MemoryUsage of job (MB)
	5422848  -  ResidentSetSize of job (KB)
...
006 (6278954.000.000) 01/16 01:46:20 Image size of job updated: 151196252
	5989  -  MemoryUsage of job (MB)
	6132680  -  ResidentSetSize of job (KB)
...
006 (6278954.000.000) 01/16 01:51:20 Image size of job updated: 151372892
	5989  -  MemoryUsage of job (MB)
	6132716  -  ResidentSetSize of job (KB)
...
006 (6278954.000.000) 01/16 01:56:21 Image size of job updated: 211226600
	5989  -  MemoryUsage of job (MB)
	6132716  -  ResidentSetSize of job (KB)
...
006 (6278954.000.000) 01/16 02:06:22 Image size of job updated: 211226600
	6623  -  MemoryUsage of job (MB)
	6781720  -  ResidentSetSize of job (KB)
...
006 (6278954.000.000) 01/16 05:26:43 Image size of job updated: 211226600
	6623  -  MemoryUsage of job (MB)
	6781752  -  ResidentSetSize of job (KB)
...
040 (6278954.000.000) 01/16 08:18:48 Started transferring output files
...
040 (6278954.000.000) 01/16 08:18:48 Finished transferring output files
...
005 (6278954.000.000) 01/16 08:18:48 Job terminated.
	(1) Normal termination (return value 0)
		Usr 0 06:58:15, Sys 0 00:10:43  -  Run Remote Usage
		Usr 0 00:00:00, Sys 0 00:00:00  -  Run Local Usage
		Usr 0 06:58:15, Sys 0 00:10:43  -  Total Remote Usage
		Usr 0 00:00:00, Sys 0 00:00:00  -  Total Local Usage
	15262  -  Run Bytes Sent By Job
	730  -  Run Bytes Received By Job
	15262  -  Total Bytes Sent By Job
	730  -  Total Bytes Received By Job
	Partitionable Resources :    Usage  Request Allocated 
	   Cpus                 :        0       12        12 
	   Disk (KB)            :       36        1   1030918 
	   Memory (MB)          :     6623    24000     24000 

	Job terminated of its own accord at 2022-01-16T07:18:47Z.
...
