000 (6287059.000.000) 01/18 16:26:09 Job submitted from host: <137.138.156.150:9618?addrs=137.138.156.150-9618+[2001-1458-d00-14--9a]-9618&alias=bigbird13.cern.ch&noUDP&sock=schedd_1788_ff6c>
...
040 (6287059.000.000) 01/18 20:57:27 Started transferring input files
	Transferring to host: <128.142.56.56:9618?addrs=128.142.56.56-9618+[2001-1458-301-6--100-37]-9618&alias=b7s01p0304.cern.ch&noUDP&sock=slot1_3_3618_f54c_37090>
...
040 (6287059.000.000) 01/18 20:57:27 Finished transferring input files
...
001 (6287059.000.000) 01/18 20:57:28 Job executing on host: <128.142.56.56:9618?addrs=128.142.56.56-9618+[2001-1458-301-6--100-37]-9618&alias=b7s01p0304.cern.ch&noUDP&sock=startd_2871_d87e>
...
006 (6287059.000.000) 01/18 20:57:37 Image size of job updated: 319176
	39  -  MemoryUsage of job (MB)
	39440  -  ResidentSetSize of job (KB)
...
006 (6287059.000.000) 01/18 21:02:38 Image size of job updated: 144808576
	4548  -  MemoryUsage of job (MB)
	4657060  -  ResidentSetSize of job (KB)
...
006 (6287059.000.000) 01/18 21:07:39 Image size of job updated: 145275264
	5001  -  MemoryUsage of job (MB)
	5120904  -  ResidentSetSize of job (KB)
...
006 (6287059.000.000) 01/18 21:12:39 Image size of job updated: 145741184
	5454  -  MemoryUsage of job (MB)
	5584144  -  ResidentSetSize of job (KB)
...
006 (6287059.000.000) 01/18 21:17:39 Image size of job updated: 207493116
	5454  -  MemoryUsage of job (MB)
	5584152  -  ResidentSetSize of job (KB)
...
006 (6287059.000.000) 01/18 21:27:41 Image size of job updated: 207493116
	6589  -  MemoryUsage of job (MB)
	6746680  -  ResidentSetSize of job (KB)
...
006 (6287059.000.000) 01/19 00:38:00 Image size of job updated: 207493116
	6589  -  MemoryUsage of job (MB)
	6746712  -  ResidentSetSize of job (KB)
...
040 (6287059.000.000) 01/19 08:35:02 Started transferring output files
...
040 (6287059.000.000) 01/19 08:35:02 Finished transferring output files
...
005 (6287059.000.000) 01/19 08:35:02 Job terminated.
	(1) Normal termination (return value 0)
		Usr 0 11:42:42, Sys 0 00:13:03  -  Run Remote Usage
		Usr 0 00:00:00, Sys 0 00:00:00  -  Run Local Usage
		Usr 0 11:42:42, Sys 0 00:13:03  -  Total Remote Usage
		Usr 0 00:00:00, Sys 0 00:00:00  -  Total Local Usage
	15472  -  Run Bytes Sent By Job
	753  -  Run Bytes Received By Job
	15472  -  Total Bytes Sent By Job
	753  -  Total Bytes Received By Job
	Partitionable Resources :    Usage  Request Allocated 
	   Cpus                 :     1.00       12        12 
	   Disk (KB)            :    37           1   1255375 
	   Memory (MB)          :  6589       24000     24000 

	Job terminated of its own accord at 2022-01-19T07:35:02Z.
...
