000 (6299419.000.000) 01/20 16:26:41 Job submitted from host: <137.138.156.150:9618?addrs=137.138.156.150-9618+[2001-1458-d00-14--9a]-9618&alias=bigbird13.cern.ch&noUDP&sock=schedd_1788_ff6c>
...
040 (6299419.000.000) 01/20 16:31:44 Started transferring input files
	Transferring to host: <128.142.60.147:9618?addrs=128.142.60.147-9618+[2001-1458-301-22--100-92]-9618&alias=b7s05p4999.cern.ch&noUDP&sock=slot1_7_3145_afd9_21189>
...
040 (6299419.000.000) 01/20 16:31:44 Finished transferring input files
...
001 (6299419.000.000) 01/20 16:31:45 Job executing on host: <128.142.60.147:9618?addrs=128.142.60.147-9618+[2001-1458-301-22--100-92]-9618&alias=b7s05p4999.cern.ch&noUDP&sock=startd_2768_323d>
...
006 (6299419.000.000) 01/20 16:31:53 Image size of job updated: 1068444
	37  -  MemoryUsage of job (MB)
	37240  -  ResidentSetSize of job (KB)
...
006 (6299419.000.000) 01/20 16:36:53 Image size of job updated: 150426716
	5262  -  MemoryUsage of job (MB)
	5387800  -  ResidentSetSize of job (KB)
...
006 (6299419.000.000) 01/20 16:41:53 Image size of job updated: 151189340
	5971  -  MemoryUsage of job (MB)
	6113472  -  ResidentSetSize of job (KB)
...
006 (6299419.000.000) 01/20 16:46:54 Image size of job updated: 151373148
	5971  -  MemoryUsage of job (MB)
	6113476  -  ResidentSetSize of job (KB)
...
006 (6299419.000.000) 01/20 16:51:54 Image size of job updated: 211152896
	5971  -  MemoryUsage of job (MB)
	6113476  -  ResidentSetSize of job (KB)
...
006 (6299419.000.000) 01/20 16:56:54 Image size of job updated: 211152896
	6291  -  MemoryUsage of job (MB)
	6441112  -  ResidentSetSize of job (KB)
...
006 (6299419.000.000) 01/20 17:01:55 Image size of job updated: 211152896
	6630  -  MemoryUsage of job (MB)
	6789092  -  ResidentSetSize of job (KB)
...
006 (6299419.000.000) 01/20 20:12:14 Image size of job updated: 211152896
	6631  -  MemoryUsage of job (MB)
	6789124  -  ResidentSetSize of job (KB)
...
040 (6299419.000.000) 01/20 23:02:53 Started transferring output files
...
040 (6299419.000.000) 01/20 23:02:53 Finished transferring output files
...
005 (6299419.000.000) 01/20 23:02:53 Job terminated.
	(1) Normal termination (return value 0)
		Usr 0 06:45:41, Sys 0 00:10:44  -  Run Remote Usage
		Usr 0 00:00:00, Sys 0 00:00:00  -  Run Local Usage
		Usr 0 06:45:41, Sys 0 00:10:44  -  Total Remote Usage
		Usr 0 00:00:00, Sys 0 00:00:00  -  Total Local Usage
	14576  -  Run Bytes Sent By Job
	754  -  Run Bytes Received By Job
	14576  -  Total Bytes Sent By Job
	754  -  Total Bytes Received By Job
	Partitionable Resources :    Usage  Request Allocated 
	   Cpus                 :     1.00       12        12 
	   Disk (KB)            :    35           1   1262271 
	   Memory (MB)          :  6631       24000     24000 

	Job terminated of its own accord at 2022-01-20T22:02:53Z.
...
